<?xml version="1.0" encoding="UTF-8"?>
<testsuite name="ru.yole.jkid.exercise.DateFormatTest" tests="1" skipped="0" failures="1" errors="0" timestamp="2020-02-16T12:52:30" hostname="DESKTOP-E78M7B7" time="0.761">
  <properties/>
  <testcase name="testSerialization" classname="ru.yole.jkid.exercise.DateFormatTest" time="0.761">
    <failure message="kotlin.reflect.full.IllegalCallableAccessException: java.lang.IllegalAccessException: class kotlin.reflect.jvm.internal.calls.CallerImpl$FieldGetter cannot access a member of class java.util.Date (in module java.base) with modifiers &quot;private transient&quot;" type="kotlin.reflect.full.IllegalCallableAccessException">kotlin.reflect.full.IllegalCallableAccessException: java.lang.IllegalAccessException: class kotlin.reflect.jvm.internal.calls.CallerImpl$FieldGetter cannot access a member of class java.util.Date (in module java.base) with modifiers &quot;private transient&quot;
	at kotlin.reflect.jvm.internal.KCallableImpl.call(KCallableImpl.kt:224)
	at kotlin.reflect.jvm.internal.KProperty1Impl.get(KProperty1Impl.kt:35)
	at ru.yole.jkid.serialization.SerializerKt.serializeProperty(Serializer.kt:38)
	at ru.yole.jkid.serialization.SerializerKt.access$serializeProperty(Serializer.kt:1)
	at ru.yole.jkid.serialization.SerializerKt$serializeObject$2.invoke(Serializer.kt:26)
	at ru.yole.jkid.serialization.SerializerKt$serializeObject$2.invoke(Serializer.kt)
	at ru.yole.jkid.UtilKt$joinToStringBuilder$1.invoke(Util.kt:31)
	at ru.yole.jkid.UtilKt$joinToStringBuilder$1.invoke(Util.kt)
	at kotlin.text.StringsKt__StringBuilderKt.appendElement(StringBuilder.kt:58)
	at kotlin.collections.CollectionsKt___CollectionsKt.joinTo(_Collections.kt:2305)
	at ru.yole.jkid.UtilKt.joinToStringBuilder(Util.kt:29)
	at ru.yole.jkid.UtilKt.joinToStringBuilder$default(Util.kt:28)
	at ru.yole.jkid.serialization.SerializerKt.serializeObject(Serializer.kt:25)
	at ru.yole.jkid.serialization.SerializerKt.serializePropertyValue(Serializer.kt:59)
	at ru.yole.jkid.serialization.SerializerKt.serializeProperty(Serializer.kt:40)
	at ru.yole.jkid.serialization.SerializerKt.access$serializeProperty(Serializer.kt:1)
	at ru.yole.jkid.serialization.SerializerKt$serializeObject$2.invoke(Serializer.kt:26)
	at ru.yole.jkid.serialization.SerializerKt$serializeObject$2.invoke(Serializer.kt)
	at ru.yole.jkid.UtilKt$joinToStringBuilder$1.invoke(Util.kt:31)
	at ru.yole.jkid.UtilKt$joinToStringBuilder$1.invoke(Util.kt)
	at kotlin.text.StringsKt__StringBuilderKt.appendElement(StringBuilder.kt:58)
	at kotlin.collections.CollectionsKt___CollectionsKt.joinTo(_Collections.kt:2305)
	at ru.yole.jkid.UtilKt.joinToStringBuilder(Util.kt:29)
	at ru.yole.jkid.UtilKt.joinToStringBuilder$default(Util.kt:28)
	at ru.yole.jkid.serialization.SerializerKt.serializeObject(Serializer.kt:25)
	at ru.yole.jkid.serialization.SerializerKt.serialize(Serializer.kt:8)
	at ru.yole.jkid.exercise.DateFormatTest.testSerialization(DateFormatAnnotation.kt:23)
	at java.base/jdk.internal.reflect.NativeMethodAccessorImpl.invoke0(Native Method)
	at java.base/jdk.internal.reflect.NativeMethodAccessorImpl.invoke(NativeMethodAccessorImpl.java:62)
	at java.base/jdk.internal.reflect.DelegatingMethodAccessorImpl.invoke(DelegatingMethodAccessorImpl.java:43)
	at java.base/java.lang.reflect.Method.invoke(Method.java:564)
	at org.junit.runners.model.FrameworkMethod$1.runReflectiveCall(FrameworkMethod.java:50)
	at org.junit.internal.runners.model.ReflectiveCallable.run(ReflectiveCallable.java:12)
	at org.junit.runners.model.FrameworkMethod.invokeExplosively(FrameworkMethod.java:47)
	at org.junit.internal.runners.statements.InvokeMethod.evaluate(InvokeMethod.java:17)
	at org.junit.runners.ParentRunner.runLeaf(ParentRunner.java:325)
	at org.junit.runners.BlockJUnit4ClassRunner.runChild(BlockJUnit4ClassRunner.java:78)
	at org.junit.runners.BlockJUnit4ClassRunner.runChild(BlockJUnit4ClassRunner.java:57)
	at org.junit.runners.ParentRunner$3.run(ParentRunner.java:290)
	at org.junit.runners.ParentRunner$1.schedule(ParentRunner.java:71)
	at org.junit.runners.ParentRunner.runChildren(ParentRunner.java:288)
	at org.junit.runners.ParentRunner.access$000(ParentRunner.java:58)
	at org.junit.runners.ParentRunner$2.evaluate(ParentRunner.java:268)
	at org.junit.runners.ParentRunner.run(ParentRunner.java:363)
	at org.gradle.api.internal.tasks.testing.junit.JUnitTestClassExecutor.runTestClass(JUnitTestClassExecutor.java:110)
	at org.gradle.api.internal.tasks.testing.junit.JUnitTestClassExecutor.execute(JUnitTestClassExecutor.java:58)
	at org.gradle.api.internal.tasks.testing.junit.JUnitTestClassExecutor.execute(JUnitTestClassExecutor.java:38)
	at org.gradle.api.internal.tasks.testing.junit.AbstractJUnitTestClassProcessor.processTestClass(AbstractJUnitTestClassProcessor.java:62)
	at org.gradle.api.internal.tasks.testing.SuiteTestClassProcessor.processTestClass(SuiteTestClassProcessor.java:51)
	at java.base/jdk.internal.reflect.NativeMethodAccessorImpl.invoke0(Native Method)
	at java.base/jdk.internal.reflect.NativeMethodAccessorImpl.invoke(NativeMethodAccessorImpl.java:62)
	at java.base/jdk.internal.reflect.DelegatingMethodAccessorImpl.invoke(DelegatingMethodAccessorImpl.java:43)
	at java.base/java.lang.reflect.Method.invoke(Method.java:564)
	at org.gradle.internal.dispatch.ReflectionDispatch.dispatch(ReflectionDispatch.java:35)
	at org.gradle.internal.dispatch.ReflectionDispatch.dispatch(ReflectionDispatch.java:24)
	at org.gradle.internal.dispatch.ContextClassLoaderDispatch.dispatch(ContextClassLoaderDispatch.java:32)
	at org.gradle.internal.dispatch.ProxyDispatchAdapter$DispatchingInvocationHandler.invoke(ProxyDispatchAdapter.java:93)
	at com.sun.proxy.$Proxy2.processTestClass(Unknown Source)
	at org.gradle.api.internal.tasks.testing.worker.TestWorker.processTestClass(TestWorker.java:118)
	at java.base/jdk.internal.reflect.NativeMethodAccessorImpl.invoke0(Native Method)
	at java.base/jdk.internal.reflect.NativeMethodAccessorImpl.invoke(NativeMethodAccessorImpl.java:62)
	at java.base/jdk.internal.reflect.DelegatingMethodAccessorImpl.invoke(DelegatingMethodAccessorImpl.java:43)
	at java.base/java.lang.reflect.Method.invoke(Method.java:564)
	at org.gradle.internal.dispatch.ReflectionDispatch.dispatch(ReflectionDispatch.java:35)
	at org.gradle.internal.dispatch.ReflectionDispatch.dispatch(ReflectionDispatch.java:24)
	at org.gradle.internal.remote.internal.hub.MessageHubBackedObjectConnection$DispatchWrapper.dispatch(MessageHubBackedObjectConnection.java:175)
	at org.gradle.internal.remote.internal.hub.MessageHubBackedObjectConnection$DispatchWrapper.dispatch(MessageHubBackedObjectConnection.java:157)
	at org.gradle.internal.remote.internal.hub.MessageHub$Handler.run(MessageHub.java:404)
	at org.gradle.internal.concurrent.ExecutorPolicy$CatchAndRecordFailures.onExecute(ExecutorPolicy.java:63)
	at org.gradle.internal.concurrent.ManagedExecutorImpl$1.run(ManagedExecutorImpl.java:46)
	at java.base/java.util.concurrent.ThreadPoolExecutor.runWorker(ThreadPoolExecutor.java:1135)
	at java.base/java.util.concurrent.ThreadPoolExecutor$Worker.run(ThreadPoolExecutor.java:635)
	at org.gradle.internal.concurrent.ThreadFactoryImpl$ManagedThreadRunnable.run(ThreadFactoryImpl.java:55)
	at java.base/java.lang.Thread.run(Thread.java:844)
Caused by: java.lang.IllegalAccessException: class kotlin.reflect.jvm.internal.calls.CallerImpl$FieldGetter cannot access a member of class java.util.Date (in module java.base) with modifiers &quot;private transient&quot;
	at java.base/jdk.internal.reflect.Reflection.newIllegalAccessException(Reflection.java:360)
	at java.base/java.lang.reflect.AccessibleObject.checkAccess(AccessibleObject.java:589)
	at java.base/java.lang.reflect.Field.checkAccess(Field.java:1075)
	at java.base/java.lang.reflect.Field.get(Field.java:416)
	at kotlin.reflect.jvm.internal.calls.CallerImpl$FieldGetter.call(CallerImpl.kt:161)
	at kotlin.reflect.jvm.internal.KCallableImpl.call(KCallableImpl.kt:106)
	... 73 more
</failure>
  </testcase>
  <system-out><![CDATA[]]></system-out>
  <system-err><![CDATA[]]></system-err>
</testsuite>
